<?xml version="1.0" encoding="UTF-8"?>
<!-- Generated by org.testng.reporters.JUnitReportReporter -->
<testsuite hostname="DESKTOP-L7RFHM1" failures="0" tests="6" name="testCase.MemberFlow" time="27.652" errors="0" timestamp="2021-12-28T13:32:40 IST" skipped="0">
  <testcase classname="testCase.MemberFlow" name="changePasSword" time="1.724"/>
  <system-out/>
  <testcase classname="testCase.MemberFlow" name="OneToOneMeet" time="5.145"/>
  <system-out/>
  <testcase classname="testCase.MemberFlow" name="openRef" time="1.926"/>
  <system-out/>
  <testcase classname="testCase.MemberFlow" name="directRefOperation" time="5.127"/>
  <system-out/>
  <testcase classname="testCase.MemberFlow" name="thanksNotes" time="1.901"/>
  <system-out/>
  <testcase classname="testCase.MemberFlow" name="guestModule" time="11.829"/>
  <system-out/>
</testsuite> <!-- testCase.MemberFlow -->
