<?xml version="1.0" encoding="UTF-8"?>
<!-- Generated by org.testng.reporters.JUnitReportReporter -->
<testsuite hostname="DESKTOP-L7RFHM1" failures="0" tests="1" name="testCase.MemberFormApprovalOperation" time="6.220" errors="0" timestamp="2021-12-29T15:50:49 IST" skipped="0">
  <testcase classname="testCase.MemberFormApprovalOperation" name="memberApproval" time="6.220"/>
  <system-out/>
</testsuite> <!-- testCase.MemberFormApprovalOperation -->
