<?xml version="1.0" encoding="UTF-8"?>
<!-- Generated by org.testng.reporters.JUnitReportReporter -->
<testsuite hostname="DESKTOP-L7RFHM1" failures="0" tests="1" name="testCase.OneToOne" time="8.862" errors="0" timestamp="2021-12-28T12:06:30 IST" skipped="0">
  <testcase classname="testCase.OneToOne" name="OneToOneMeet" time="8.862"/>
  <system-out/>
</testsuite> <!-- testCase.OneToOne -->
