<?xml version="1.0" encoding="UTF-8"?>
<!-- Generated by org.testng.reporters.JUnitReportReporter -->
<testsuite hostname="DESKTOP-L7RFHM1" failures="0" tests="1" name="testCase.DirectRef" time="42.938" errors="0" timestamp="2021-12-27T15:37:34 IST" skipped="0">
  <testcase classname="testCase.DirectRef" name="directRefOperation" time="42.938"/>
  <system-out/>
</testsuite> <!-- testCase.DirectRef -->
