<?xml version="1.0" encoding="UTF-8"?>
<!-- Generated by org.testng.reporters.JUnitReportReporter -->
<testsuite hostname="DESKTOP-L7RFHM1" failures="0" tests="1" name="testCase.ThanksNotesOperation" time="5.034" errors="0" timestamp="2021-12-28T12:06:30 IST" skipped="0">
  <testcase classname="testCase.ThanksNotesOperation" name="thanksNotes" time="5.034"/>
  <system-out/>
</testsuite> <!-- testCase.ThanksNotesOperation -->
