<?xml version="1.0" encoding="UTF-8"?>
<!-- Generated by org.testng.reporters.JUnitReportReporter -->
<testsuite hostname="DESKTOP-L7RFHM1" failures="0" tests="1" name="testCase.Login" time="6.069" errors="0" timestamp="2021-12-24T09:38:49 IST" skipped="0">
  <testcase classname="testCase.Login" name="loginOperation" time="6.069"/>
  <system-out/>
</testsuite> <!-- testCase.Login -->
