<?xml version="1.0" encoding="UTF-8"?>
<!-- Generated by org.testng.reporters.JUnitReportReporter -->
<testsuite hostname="DESKTOP-L7RFHM1" failures="0" tests="1" name="testCase.GuestOperation" time="15.003" errors="0" timestamp="2021-12-28T12:06:30 IST" skipped="0">
  <testcase classname="testCase.GuestOperation" name="guestModule" time="15.003"/>
  <system-out/>
</testsuite> <!-- testCase.GuestOperation -->
