<?xml version="1.0" encoding="UTF-8"?>
<!-- Generated by org.testng.reporters.JUnitReportReporter -->
<testsuite hostname="DESKTOP-L7RFHM1" failures="0" tests="1" name="testCase.OpenRefOperation" time="8.695" errors="0" timestamp="2021-12-28T09:56:39 IST" skipped="0">
  <testcase classname="testCase.OpenRefOperation" name="directRef" time="8.695"/>
  <system-out/>
</testsuite> <!-- testCase.OpenRefOperation -->
